[0m[0m
[0m[4m/Users/jinguangyu/zd/project/umi2/README.md[24m[0m
[0m  [2m1:0[22m  [31merror[39m  Parsing error: Invalid character[0m
[0m[0m
[0m[4m/Users/jinguangyu/zd/project/umi2/iconfont.json[24m[0m
[0m  [2m1:1[22m  [31merror[39m  Expected an assignment or function call and instead saw an expression  [2mno-unused-expressions[22m[0m
[0m[0m
[0m[4m/Users/jinguangyu/zd/project/umi2/package.json[24m[0m
[0m  [2m1:1[22m  [31merror[39m  Expected an assignment or function call and instead saw an expression  [2mno-unused-expressions[22m[0m
[0m[0m
[0m[4m/Users/jinguangyu/zd/project/umi2/tsconfig.json[24m[0m
[0m  [2m1:1[22m  [31merror[39m  Expected an assignment or function call and instead saw an expression  [2mno-unused-expressions[22m[0m
[0m[0m
[0m[4m/Users/jinguangyu/zd/project/umi2/typings.d.ts[24m[0m
[0m  [2m6:5[22m   [31merror[39m  'props' is defined but never used  [2mno-unused-vars[22m[0m
[0m  [2m6:12[22m  [31merror[39m  'React' is not defined             [2mno-undef[22m[0m
[0m  [2m7:6[22m   [31merror[39m  'React' is not defined             [2mno-undef[22m[0m
[0m[0m
[0m[31m[1m✖ 7 problems (7 errors, 0 warnings)[22m[39m[0m
[0m[31m[1m[22m[39m[0m